<?xml version="1.0" encoding="UTF-8"?>
<testsuite xmlns:xsi="http://www.w3.org/2001/XMLSchema-instance" xsi:noNamespaceSchemaLocation="https://maven.apache.org/surefire/maven-surefire-plugin/xsd/surefire-test-report-3.0.xsd" version="3.0" name="com.padyakrescue.shop.ShopControllerTest" time="2.95" tests="7" errors="0" skipped="0" failures="0">
  <properties>
[...]
</properties>
  <testcase name="getNearbyShops_withoutLimit_usesDefaultLimit10" classname="com.padyakrescue.shop.ShopControllerTest" time="0.14">
    <system-out><![CDATA[17:23:29.407 [main] INFO org.springframework.test.context.support.AnnotationConfigContextLoaderUtils -- Could not detect default configuration classes for test class [com.padyakrescue.shop.ShopControllerTest]: ShopControllerTest does not declare any static, non-private, non-final, nested classes annotated with @Configuration.
17:23:29.526 [main] INFO org.springframework.boot.test.context.SpringBootTestContextBootstrapper -- Found @SpringBootConfiguration com.padyakrescue.PadyakRescueApplication for test class com.padyakrescue.shop.ShopControllerTest

  .   ____          _            __ _ _
 /\\ / ___'_ __ _ _(_)_ __  __ _ \ \ \ \
( ( )\___ | '_ | '_| | '_ \/ _` | \ \ \ \
 \\/  ___)| |_)| | | | | || (_| |  ) ) ) )
  '  |____| .__|_| |_|_| |_\__, | / / / /
 =========|_|==============|___/=/_/_/_/
 :: Spring Boot ::                (v3.2.2)

2026-02-13T17:23:29.828+08:00  INFO 21920 --- [padyak-rescue] [           main] c.padyakrescue.shop.ShopControllerTest   : Starting ShopControllerTest using Java 17.0.12 with PID 21920 (started by Avery in D:\Dev\Padyak-SOS-Backend)
2026-02-13T17:23:29.828+08:00  INFO 21920 --- [padyak-rescue] [           main] c.padyakrescue.shop.ShopControllerTest   : No active profile set, falling back to 1 default profile: "default"
2026-02-13T17:23:31.770+08:00  INFO 21920 --- [padyak-rescue] [           main] o.s.b.t.m.w.SpringBootMockServletContext : Initializing Spring TestDispatcherServlet ''
2026-02-13T17:23:31.771+08:00  INFO 21920 --- [padyak-rescue] [           main] o.s.t.web.servlet.TestDispatcherServlet  : Initializing Servlet ''
2026-02-13T17:23:31.774+08:00  INFO 21920 --- [padyak-rescue] [           main] o.s.t.web.servlet.TestDispatcherServlet  : Completed initialization in 0 ms
2026-02-13T17:23:31.815+08:00  INFO 21920 --- [padyak-rescue] [           main] c.padyakrescue.shop.ShopControllerTest   : Started ShopControllerTest in 2.207 seconds (process running for 2.847)
]]></system-out>
  </testcase>
  <testcase name="getNearbyShops_missingRequiredParams_returns400" classname="com.padyakrescue.shop.ShopControllerTest" time="0.012">
    <system-out><![CDATA[2026-02-13T17:23:31.979+08:00  WARN 21920 --- [padyak-rescue] [           main] .w.s.m.s.DefaultHandlerExceptionResolver : Resolved [org.springframework.web.bind.MissingServletRequestParameterException: Required request parameter 'radiusMeters' for method parameter type double is not present]
]]></system-out>
  </testcase>
  <testcase name="addShop_withInvalidLatitude_returns400" classname="com.padyakrescue.shop.ShopControllerTest" time="0.126">
    <system-out><![CDATA[2026-02-13T17:23:32.108+08:00  WARN 21920 --- [padyak-rescue] [           main] .w.s.m.s.DefaultHandlerExceptionResolver : Resolved [org.springframework.web.bind.MethodArgumentNotValidException: Validation failed for argument [0] in public com.padyakrescue.shop.dto.ShopDto com.padyakrescue.shop.ShopController.addShop(com.padyakrescue.shop.dto.AddShopRequest): [Field error in object 'addShopRequest' on field 'latitude': rejected value [91.0]; codes [Max.addShopRequest.latitude,Max.latitude,Max.java.lang.Double,Max]; arguments [org.springframework.context.support.DefaultMessageSourceResolvable: codes [addShopRequest.latitude,latitude]; arguments []; default message [latitude],90]; default message [Latitude must be <= 90]] ]
]]></system-out>
  </testcase>
  <testcase name="addShop_withEmptyBody_returns400" classname="com.padyakrescue.shop.ShopControllerTest" time="0.005">
    <system-out><![CDATA[2026-02-13T17:23:32.116+08:00  WARN 21920 --- [padyak-rescue] [           main] .w.s.m.s.DefaultHandlerExceptionResolver : Resolved [org.springframework.web.bind.MethodArgumentNotValidException: Validation failed for argument [0] in public com.padyakrescue.shop.dto.ShopDto com.padyakrescue.shop.ShopController.addShop(com.padyakrescue.shop.dto.AddShopRequest) with 4 errors: [Field error in object 'addShopRequest' on field 'name': rejected value [null]; codes [NotBlank.addShopRequest.name,NotBlank.name,NotBlank.java.lang.String,NotBlank]; arguments [org.springframework.context.support.DefaultMessageSourceResolvable: codes [addShopRequest.name,name]; arguments []; default message [name]]; default message [Name is required]] [Field error in object 'addShopRequest' on field 'longitude': rejected value [null]; codes [NotNull.addShopRequest.longitude,NotNull.longitude,NotNull.java.lang.Double,NotNull]; arguments [org.springframework.context.support.DefaultMessageSourceResolvable: codes [addShopRequest.longitude,longitude]; arguments []; default message [longitude]]; default message [Longitude is required]] [Field error in object 'addShopRequest' on field 'type': rejected value [null]; codes [NotNull.addShopRequest.type,NotNull.type,NotNull.com.padyakrescue.shop.ShopType,NotNull]; arguments [org.springframework.context.support.DefaultMessageSourceResolvable: codes [addShopRequest.type,type]; arguments []; default message [type]]; default message [Type is required]] [Field error in object 'addShopRequest' on field 'latitude': rejected value [null]; codes [NotNull.addShopRequest.latitude,NotNull.latitude,NotNull.java.lang.Double,NotNull]; arguments [org.springframework.context.support.DefaultMessageSourceResolvable: codes [addShopRequest.latitude,latitude]; arguments []; default message [latitude]]; default message [Latitude is required]] ]
]]></system-out>
  </testcase>
  <testcase name="getNearbyShops_withAllParams_returns200AndList" classname="com.padyakrescue.shop.ShopControllerTest" time="0.088"/>
  <testcase name="addShop_withValidRequest_returns201" classname="com.padyakrescue.shop.ShopControllerTest" time="0.01"/>
  <testcase name="syncShops_withValidSince_returns200" classname="com.padyakrescue.shop.ShopControllerTest" time="0.012"/>
</testsuite>